<!--
  ~ AcousticRuler
  ~ Copyright 2023 Tim Teulings
  ~
  ~ Licensed under the Apache License, Version 2.0 (the "License");
  ~ you may not use this file except in compliance with the License.
  ~ You may obtain a copy of the License at
  ~
  ~     http://www.apache.org/licenses/LICENSE-2.0
  ~
  ~ Unless required by applicable law or agreed to in writing, software
  ~ distributed under the License is distributed on an "AS IS" BASIS,
  ~ WITHOUT WARRANTIES OR CONDITIONS OF ANY KIND, either express or implied.
  ~ See the License for the specific language governing permissions and
  ~ limitations under the License.
  -->

<jqassistant-rules
        xmlns:xsi="http://www.w3.org/2001/XMLSchema-instance"
        xmlns="http://schema.jqassistant.org/rule/v2.0"
        xsi:schemaLocation="http://schema.jqassistant.org/rule/v2.0 https://schema.jqassistant.org/rule/jqassistant-rule-v2.0.xsd">

    <group id="framstag:junit">
        <includeConstraint refId="framstag:junit:AllTestsSuccessful"/>
    </group>

    <constraint id="framstag:junit:AllTestsSuccessful">
      <description>All tests are successful</description>
      <cypher><![CDATA[
        MATCH
          (s:JUnit:TestSuite)-[CONTAINS]->(t:JUnit:TestCase)
        WHERE
          t.result <> "SUCCESS"
        RETURN
          s.name,t.name,t.result
  ]]></cypher>
      </constraint>
</jqassistant-rules>
